
[SENDING EMAIL]
Timestamp: 2026-04-01T22:22:32-04:00
To: engineer@firm.com
Subject: Welcome to HVAC DesignPro
Body:
Hello John Engineer,

Welcome to HVAC DesignPro. Your professional engineering workspace is ready.
You can now start your first project and perform load calculations according to your selected regional standards.

Stay cool,
The DesignPro Team
-----------------------------------------------------------

[SENDING EMAIL]
Timestamp: 2026-04-01T22:26:37-04:00
To: ngriffith@howlandpump.com
Subject: Welcome to HVAC DesignPro
Body:
Hello Nathan Griffith,

Welcome to HVAC DesignPro. Your professional engineering workspace is ready.
You can now start your first project and perform load calculations according to your selected regional standards.

Stay cool,
The DesignPro Team
-----------------------------------------------------------
